<?xml version="1.0" encoding="utf-8"?><testsuites><testsuite name="pytest" errors="0" failures="0" skipped="6" tests="12" time="0.106" timestamp="2023-11-02T11:53:36.581100" hostname="GBBAT-L-221V633"><testcase classname="PyTest.tests.test_1" name="test_always_passes" time="0.001" /><testcase classname="PyTest.tests.test_1" name="test_always_fails" time="0.001"><skipped type="pytest.xfail" message="" /></testcase><testcase classname="PyTest.tests.test_1" name="test_some_primes" time="0.001" /><testcase classname="PyTest.tests.test_format_data" name="test_format_data_for_display" time="0.000"><skipped type="pytest.skip" message="Not yet implemented!">/home/toba/Dev/Python_Lessons/PyTest/tests/test_format_data.py:26: Not yet implemented!</skipped></testcase><testcase classname="PyTest.tests.test_format_data" name="test_format_data_for_excel" time="0.000"><skipped type="pytest.skip" message="Not yet implemented!">/home/toba/Dev/Python_Lessons/PyTest/tests/test_format_data.py:34: Not yet implemented!</skipped></testcase><testcase classname="PyTest.tests.test_palindrome" name="test_is_palindrome[]" time="0.001" /><testcase classname="PyTest.tests.test_palindrome" name="test_is_palindrome[a]" time="0.001" /><testcase classname="PyTest.tests.test_palindrome" name="test_is_palindrome[Bob]" time="0.000"><skipped type="pytest.skip" message="unconditional skip">/home/toba/Dev/Python_Lessons/PyTest/tests/test_palindrome.py:19: unconditional skip</skipped></testcase><testcase classname="PyTest.tests.test_palindrome" name="test_is_palindrome[Never odd or even]" time="0.000"><skipped type="pytest.skip" message="unconditional skip">/home/toba/Dev/Python_Lessons/PyTest/tests/test_palindrome.py:19: unconditional skip</skipped></testcase><testcase classname="PyTest.tests.test_palindrome" name="test_is_palindrome[Do Geese see God?]" time="0.000"><skipped type="pytest.skip" message="unconditional skip">/home/toba/Dev/Python_Lessons/PyTest/tests/test_palindrome.py:19: unconditional skip</skipped></testcase><testcase classname="PyTest.tests.test_palindrome" name="test_is_palindrome_not_palindrome[abc]" time="0.001" /><testcase classname="PyTest.tests.test_palindrome" name="test_is_palindrome_not_palindrome[abab]" time="0.001" /></testsuite></testsuites>